[2023-12-05T10:34:45.451Z DEBUG] Addresses: [127.0.0.1:9000, 127.0.0.1:9001, 127.0.0.1:9002, 127.0.0.1:9003]
[2023-12-05T10:34:45.514Z DEBUG] Setting up network.. Listen address: 0.0.0.0:9003
[2023-12-05T10:34:45.615Z INFO ] Spawning Core...
[2023-12-05T10:34:45.831Z INFO ] Epoch [0]: Beacon value: [132, 209, 182, 227, 7, 244, 83, 205, 34, 42, 75, 129, 231, 168, 120, 160, 104, 73, 192, 243, 13, 170, 61, 46, 174, 169, 203, 145, 123, 7, 166, 93]. 9.94ms
[2023-12-05T10:34:45.916Z INFO ] Epoch [1]: Beacon value: [120, 52, 195, 252, 118, 184, 53, 245, 48, 217, 18, 78, 121, 49, 44, 22, 149, 178, 217, 62, 71, 118, 45, 197, 202, 128, 206, 220, 9, 48, 254, 133]. 5.72ms
[2023-12-05T10:34:46.010Z INFO ] Epoch [2]: Beacon value: [10, 235, 157, 73, 216, 48, 78, 93, 194, 150, 209, 214, 130, 237, 202, 162, 158, 134, 48, 155, 26, 38, 112, 122, 76, 142, 81, 141, 95, 181, 22, 42]. 6.59ms
[2023-12-05T10:34:46.118Z INFO ] Epoch [3]: Beacon value: [148, 79, 49, 230, 71, 30, 135, 209, 220, 225, 143, 104, 89, 30, 212, 142, 115, 49, 129, 112, 103, 104, 119, 251, 38, 145, 143, 89, 207, 72, 84, 59]. 9.02ms
[2023-12-05T10:34:46.245Z INFO ] Epoch [4]: Beacon value: [72, 133, 42, 96, 162, 191, 150, 199, 136, 81, 194, 29, 90, 34, 197, 9, 120, 118, 199, 28, 233, 163, 23, 166, 159, 220, 194, 190, 85, 93, 164, 117]. 10.11ms
[2023-12-05T10:34:46.338Z INFO ] Epoch [5]: Beacon value: [211, 251, 29, 241, 64, 70, 115, 54, 42, 14, 72, 59, 187, 104, 158, 165, 183, 67, 218, 165, 212, 222, 16, 99, 115, 99, 200, 47, 18, 21, 23, 94]. 9.46ms
[2023-12-05T10:34:46.432Z INFO ] Epoch [6]: Beacon value: [221, 48, 206, 246, 125, 23, 184, 112, 82, 133, 190, 181, 168, 174, 70, 148, 113, 106, 138, 188, 123, 31, 233, 63, 23, 4, 129, 176, 232, 61, 222, 170]. 20.96ms
[2023-12-05T10:34:46.515Z INFO ] Epoch [7]: Beacon value: [216, 64, 130, 90, 202, 104, 61, 34, 97, 28, 43, 235, 192, 64, 247, 112, 24, 81, 197, 220, 225, 160, 232, 78, 223, 134, 31, 245, 133, 109, 166, 7]. 9.09ms
[2023-12-05T10:34:46.592Z INFO ] Epoch [8]: Beacon value: [107, 181, 244, 178, 230, 218, 199, 254, 196, 158, 233, 34, 213, 19, 118, 246, 8, 8, 17, 233, 214, 133, 97, 85, 138, 37, 15, 20, 137, 158, 74, 152]. 12.46ms
[2023-12-05T10:34:46.873Z INFO ] Epoch [9]: Beacon value: [101, 22, 179, 223, 25, 203, 67, 171, 142, 12, 74, 116, 58, 244, 193, 220, 47, 91, 232, 57, 181, 117, 45, 35, 46, 69, 177, 22, 19, 102, 176, 36]. 5.34ms
[2023-12-05T10:34:46.967Z INFO ] Epoch [10]: Beacon value: [222, 128, 232, 226, 195, 183, 244, 128, 246, 132, 53, 105, 140, 103, 64, 48, 7, 6, 159, 179, 1, 156, 215, 32, 183, 224, 161, 200, 10, 149, 73, 112]. 11.42ms
[2023-12-05T10:34:47.058Z INFO ] Epoch [11]: Beacon value: [221, 92, 160, 106, 130, 30, 44, 23, 248, 218, 191, 249, 1, 221, 150, 5, 174, 30, 111, 197, 209, 97, 159, 116, 120, 91, 107, 21, 108, 175, 229, 56]. 12.23ms
[2023-12-05T10:34:47.183Z INFO ] Epoch [12]: Beacon value: [169, 236, 124, 6, 224, 236, 32, 224, 211, 31, 188, 110, 99, 28, 198, 237, 20, 16, 228, 69, 202, 76, 140, 205, 175, 224, 61, 37, 72, 25, 149, 200]. 5.71ms
[2023-12-05T10:34:47.296Z INFO ] Epoch [13]: Beacon value: [150, 224, 110, 111, 166, 112, 9, 85, 31, 208, 25, 78, 225, 158, 224, 64, 137, 127, 198, 221, 173, 135, 215, 41, 244, 145, 246, 128, 128, 152, 109, 131]. 9.73ms
[2023-12-05T10:34:47.395Z INFO ] Epoch [14]: Beacon value: [148, 31, 6, 204, 54, 110, 95, 3, 124, 61, 240, 69, 249, 229, 189, 25, 78, 5, 9, 194, 58, 67, 87, 229, 84, 40, 91, 153, 185, 90, 114, 158]. 21.33ms
[2023-12-05T10:34:47.469Z INFO ] Epoch [15]: Beacon value: [183, 153, 134, 234, 211, 42, 129, 195, 63, 122, 106, 123, 74, 133, 144, 74, 56, 182, 15, 15, 215, 99, 146, 246, 130, 71, 35, 86, 218, 135, 73, 235]. 14.98ms
[2023-12-05T10:34:47.543Z INFO ] Epoch [16]: Beacon value: [23, 172, 195, 179, 243, 200, 19, 171, 227, 48, 75, 235, 180, 75, 229, 103, 127, 131, 13, 24, 212, 135, 74, 68, 64, 228, 17, 151, 165, 247, 8, 198]. 14.14ms
[2023-12-05T10:34:47.616Z INFO ] Epoch [17]: Beacon value: [247, 11, 26, 190, 212, 13, 68, 90, 21, 254, 214, 40, 136, 160, 181, 182, 230, 102, 110, 157, 52, 87, 148, 200, 52, 205, 159, 6, 201, 186, 249, 131]. 14.30ms
[2023-12-05T10:34:47.825Z INFO ] Epoch [18]: Beacon value: [104, 77, 154, 158, 226, 241, 149, 144, 151, 38, 207, 137, 113, 73, 131, 82, 105, 223, 46, 52, 88, 202, 193, 150, 239, 94, 46, 43, 48, 254, 240, 31]. 18.69ms
[2023-12-05T10:34:47.919Z INFO ] Epoch [19]: Beacon value: [56, 169, 219, 216, 196, 159, 14, 158, 199, 99, 41, 240, 131, 184, 1, 14, 132, 215, 60, 171, 34, 104, 141, 157, 30, 88, 209, 32, 63, 67, 42, 204]. 21.62ms
[2023-12-05T10:34:48.010Z INFO ] Epoch [20]: Beacon value: [73, 122, 229, 164, 86, 246, 254, 9, 43, 153, 69, 251, 226, 70, 36, 221, 2, 22, 153, 217, 39, 24, 135, 14, 185, 205, 181, 4, 173, 124, 5, 233]. 10.10ms
[2023-12-05T10:34:48.090Z INFO ] Epoch [21]: Beacon value: [75, 22, 107, 193, 153, 108, 83, 198, 5, 185, 211, 246, 127, 143, 241, 138, 40, 71, 233, 215, 189, 182, 98, 224, 148, 16, 163, 44, 140, 140, 23, 151]. 8.62ms
[2023-12-05T10:34:48.156Z INFO ] Epoch [22]: Beacon value: [147, 64, 17, 110, 33, 185, 247, 147, 130, 132, 141, 129, 103, 171, 221, 151, 160, 52, 10, 211, 17, 28, 165, 248, 164, 67, 255, 217, 198, 230, 116, 232]. 8.52ms
[2023-12-05T10:34:48.289Z INFO ] Epoch [23]: Beacon value: [224, 85, 25, 143, 49, 31, 47, 118, 97, 206, 227, 94, 168, 68, 59, 80, 192, 71, 120, 193, 164, 103, 142, 98, 48, 46, 37, 223, 110, 95, 114, 133]. 9.44ms
[2023-12-05T10:34:48.420Z INFO ] Epoch [24]: Beacon value: [176, 181, 125, 189, 186, 16, 229, 93, 224, 208, 132, 130, 55, 52, 203, 42, 160, 199, 158, 153, 190, 117, 92, 123, 225, 78, 82, 147, 31, 59, 203, 208]. 12.09ms
[2023-12-05T10:34:48.522Z INFO ] Epoch [25]: Beacon value: [237, 44, 181, 19, 203, 110, 242, 56, 12, 81, 140, 151, 6, 144, 214, 94, 17, 251, 0, 246, 182, 197, 46, 12, 209, 147, 247, 247, 192, 54, 19, 152]. 13.80ms
[2023-12-05T10:34:48.612Z INFO ] Epoch [26]: Beacon value: [250, 105, 223, 1, 134, 243, 32, 169, 53, 205, 211, 109, 96, 199, 161, 232, 209, 58, 54, 250, 100, 213, 210, 243, 150, 108, 192, 21, 40, 247, 93, 95]. 12.23ms
[2023-12-05T10:34:48.696Z INFO ] Epoch [27]: Beacon value: [136, 40, 135, 253, 189, 226, 45, 18, 159, 220, 190, 217, 2, 226, 95, 98, 88, 6, 176, 210, 5, 148, 147, 3, 70, 137, 22, 49, 1, 59, 37, 12]. 7.50ms
[2023-12-05T10:34:48.784Z INFO ] Epoch [28]: Beacon value: [82, 61, 203, 175, 31, 65, 242, 114, 57, 36, 157, 140, 113, 13, 212, 248, 93, 122, 235, 216, 108, 44, 14, 159, 76, 68, 4, 253, 191, 132, 89, 63]. 7.66ms
[2023-12-05T10:34:48.855Z INFO ] Epoch [29]: Beacon value: [35, 170, 47, 144, 134, 85, 248, 92, 76, 245, 225, 35, 88, 174, 215, 219, 250, 45, 175, 112, 51, 255, 177, 69, 255, 175, 177, 6, 152, 131, 230, 93]. 4.98ms
[2023-12-05T10:34:48.957Z INFO ] Epoch [30]: Beacon value: [30, 218, 213, 71, 199, 207, 49, 187, 159, 212, 102, 54, 203, 183, 216, 77, 111, 228, 79, 225, 106, 109, 13, 153, 193, 154, 207, 65, 44, 224, 69, 129]. 9.96ms
[2023-12-05T10:34:49.036Z INFO ] Epoch [31]: Beacon value: [125, 11, 252, 71, 207, 126, 23, 120, 55, 210, 66, 239, 94, 153, 45, 167, 226, 205, 9, 83, 230, 229, 21, 40, 239, 84, 224, 60, 190, 23, 155, 13]. 4.78ms
[2023-12-05T10:34:49.141Z INFO ] Epoch [32]: Beacon value: [58, 37, 119, 238, 110, 100, 238, 66, 3, 192, 16, 39, 215, 127, 121, 111, 61, 216, 45, 99, 196, 65, 44, 104, 144, 119, 106, 82, 238, 201, 210, 89]. 9.58ms
[2023-12-05T10:34:49.236Z INFO ] Epoch [33]: Beacon value: [252, 107, 227, 130, 107, 178, 78, 131, 196, 38, 186, 215, 193, 71, 253, 8, 210, 177, 48, 153, 186, 229, 230, 180, 76, 231, 137, 57, 98, 36, 198, 26]. 12.88ms
[2023-12-05T10:34:49.325Z INFO ] Epoch [34]: Beacon value: [80, 126, 7, 231, 85, 176, 172, 231, 237, 51, 19, 240, 98, 113, 114, 205, 198, 133, 100, 234, 205, 29, 233, 100, 79, 188, 24, 167, 13, 162, 138, 37]. 8.95ms
[2023-12-05T10:34:49.396Z INFO ] Epoch [35]: Beacon value: [1, 29, 121, 85, 44, 184, 9, 184, 252, 12, 128, 26, 197, 130, 59, 69, 104, 22, 72, 102, 126, 48, 62, 222, 87, 177, 37, 13, 95, 126, 118, 32]. 4.73ms
[2023-12-05T10:34:49.470Z INFO ] Epoch [36]: Beacon value: [187, 22, 146, 7, 71, 94, 77, 148, 216, 39, 230, 210, 106, 37, 97, 245, 98, 122, 1, 229, 241, 199, 128, 200, 10, 162, 56, 118, 5, 166, 116, 62]. 11.70ms
[2023-12-05T10:34:49.542Z INFO ] Epoch [37]: Beacon value: [119, 196, 36, 234, 234, 25, 66, 90, 14, 208, 2, 65, 198, 224, 215, 210, 106, 165, 179, 234, 116, 58, 36, 98, 209, 1, 86, 163, 91, 4, 125, 109]. 8.83ms
[2023-12-05T10:34:49.658Z INFO ] Epoch [38]: Beacon value: [165, 197, 209, 255, 198, 70, 186, 254, 207, 36, 155, 220, 114, 104, 165, 170, 113, 40, 206, 96, 133, 35, 255, 212, 26, 119, 28, 136, 253, 253, 91, 82]. 17.39ms
[2023-12-05T10:34:49.876Z INFO ] Epoch [39]: Beacon value: [153, 57, 28, 4, 235, 31, 88, 232, 65, 188, 40, 71, 12, 142, 111, 68, 175, 14, 29, 220, 248, 62, 206, 39, 82, 91, 155, 24, 27, 116, 61, 213]. 37.41ms
[2023-12-05T10:34:49.973Z INFO ] Epoch [40]: Beacon value: [47, 57, 172, 87, 179, 46, 132, 13, 210, 57, 81, 66, 8, 96, 3, 218, 147, 100, 254, 45, 74, 222, 234, 185, 249, 204, 11, 132, 176, 147, 246, 94]. 23.94ms
[2023-12-05T10:34:50.053Z INFO ] Epoch [41]: Beacon value: [55, 193, 113, 112, 115, 174, 102, 58, 248, 239, 111, 11, 225, 222, 117, 18, 51, 63, 111, 56, 123, 178, 115, 160, 208, 131, 10, 13, 41, 89, 222, 165]. 22.12ms
[2023-12-05T10:34:50.179Z INFO ] Epoch [42]: Beacon value: [220, 217, 224, 29, 35, 77, 4, 141, 75, 244, 165, 65, 160, 222, 78, 93, 206, 187, 214, 59, 8, 79, 4, 120, 56, 176, 246, 11, 111, 108, 233, 209]. 8.95ms
[2023-12-05T10:34:50.260Z INFO ] Epoch [43]: Beacon value: [241, 49, 25, 163, 233, 49, 166, 158, 10, 215, 70, 231, 243, 162, 249, 141, 135, 71, 216, 164, 140, 44, 92, 206, 194, 28, 67, 60, 20, 72, 101, 224]. 22.75ms
[2023-12-05T10:34:50.333Z INFO ] Epoch [44]: Beacon value: [41, 227, 39, 195, 205, 10, 8, 76, 187, 118, 15, 165, 186, 166, 67, 120, 129, 65, 93, 69, 95, 105, 100, 196, 35, 40, 14, 155, 4, 4, 177, 249]. 8.57ms
[2023-12-05T10:34:50.399Z INFO ] Epoch [45]: Beacon value: [121, 197, 145, 78, 251, 68, 202, 74, 175, 61, 110, 193, 107, 229, 70, 80, 214, 55, 178, 226, 117, 168, 96, 111, 14, 71, 105, 13, 201, 84, 18, 189]. 14.19ms
[2023-12-05T10:34:50.483Z INFO ] Epoch [46]: Beacon value: [249, 34, 139, 168, 186, 219, 146, 94, 247, 171, 175, 100, 150, 38, 158, 193, 48, 22, 123, 99, 31, 61, 69, 3, 111, 226, 236, 69, 230, 196, 227, 174]. 15.66ms
[2023-12-05T10:34:50.579Z INFO ] Epoch [47]: Beacon value: [53, 94, 48, 71, 44, 225, 96, 137, 196, 135, 125, 191, 172, 215, 105, 23, 231, 196, 16, 110, 97, 70, 97, 176, 54, 47, 8, 175, 21, 29, 5, 105]. 19.47ms
[2023-12-05T10:34:50.656Z INFO ] Epoch [48]: Beacon value: [97, 156, 253, 73, 167, 252, 12, 54, 121, 238, 48, 255, 101, 198, 84, 3, 226, 23, 145, 184, 226, 113, 243, 122, 81, 73, 166, 145, 210, 205, 146, 210]. 17.03ms
[2023-12-05T10:34:50.749Z INFO ] Epoch [49]: Beacon value: [55, 99, 150, 42, 227, 93, 226, 255, 243, 122, 35, 104, 57, 246, 67, 249, 189, 192, 24, 215, 119, 2, 31, 57, 143, 177, 4, 206, 141, 174, 115, 91]. 9.00ms
[2023-12-05T10:34:50.825Z INFO ] Epoch [50]: Beacon value: [250, 71, 134, 60, 194, 80, 20, 43, 245, 236, 191, 131, 38, 208, 151, 104, 52, 82, 123, 168, 180, 8, 59, 134, 39, 137, 190, 255, 129, 107, 203, 32]. 12.63ms
[2023-12-05T10:34:50.893Z INFO ] Epoch [51]: Beacon value: [2, 115, 125, 59, 128, 228, 71, 84, 240, 67, 163, 45, 144, 207, 32, 96, 211, 114, 119, 193, 112, 219, 238, 47, 242, 160, 87, 68, 143, 36, 185, 161]. 9.34ms
[2023-12-05T10:34:50.984Z INFO ] Epoch [52]: Beacon value: [159, 224, 10, 163, 162, 160, 20, 149, 200, 193, 231, 217, 205, 84, 180, 205, 87, 38, 213, 70, 92, 195, 168, 188, 15, 237, 30, 183, 73, 168, 79, 203]. 4.56ms
[2023-12-05T10:34:51.137Z INFO ] Epoch [53]: Beacon value: [188, 164, 162, 199, 87, 67, 127, 108, 52, 211, 1, 125, 138, 192, 140, 108, 65, 204, 176, 42, 235, 32, 212, 24, 150, 18, 81, 137, 36, 213, 185, 234]. 26.25ms
[2023-12-05T10:34:51.268Z INFO ] Epoch [54]: Beacon value: [236, 148, 247, 35, 194, 216, 170, 165, 171, 38, 245, 6, 201, 124, 173, 138, 246, 85, 185, 38, 94, 104, 223, 255, 58, 52, 35, 161, 48, 178, 238, 199]. 18.27ms
[2023-12-05T10:34:51.363Z INFO ] Epoch [55]: Beacon value: [247, 91, 95, 245, 175, 106, 208, 200, 202, 65, 232, 170, 228, 202, 244, 17, 11, 250, 129, 0, 156, 204, 155, 152, 223, 5, 54, 166, 8, 69, 152, 97]. 13.80ms
[2023-12-05T10:34:51.466Z INFO ] Epoch [56]: Beacon value: [20, 254, 201, 182, 38, 91, 235, 58, 56, 108, 9, 66, 62, 73, 109, 199, 226, 115, 185, 114, 156, 206, 240, 37, 35, 166, 223, 233, 50, 49, 16, 199]. 16.87ms
[2023-12-05T10:34:51.534Z INFO ] Epoch [57]: Beacon value: [63, 226, 101, 88, 103, 44, 40, 167, 209, 94, 105, 211, 105, 100, 194, 166, 51, 151, 181, 186, 255, 167, 171, 133, 146, 77, 162, 222, 229, 111, 220, 25]. 4.63ms
[2023-12-05T10:34:51.603Z INFO ] Epoch [58]: Beacon value: [129, 234, 61, 234, 220, 127, 147, 217, 87, 215, 117, 85, 228, 122, 189, 197, 170, 214, 100, 99, 13, 242, 66, 194, 133, 131, 152, 91, 192, 207, 212, 225]. 8.78ms
[2023-12-05T10:34:51.674Z INFO ] Epoch [59]: Beacon value: [188, 153, 70, 219, 93, 162, 236, 55, 3, 75, 103, 111, 183, 200, 192, 49, 104, 77, 118, 25, 88, 31, 4, 248, 62, 15, 98, 247, 39, 122, 50, 217]. 8.74ms
[2023-12-05T10:34:51.757Z INFO ] Epoch [60]: Beacon value: [255, 197, 13, 245, 53, 187, 14, 59, 198, 64, 241, 153, 188, 145, 239, 18, 172, 61, 89, 190, 149, 246, 9, 18, 23, 210, 141, 81, 21, 27, 178, 56]. 9.68ms
[2023-12-05T10:34:51.876Z INFO ] Epoch [61]: Beacon value: [202, 75, 19, 190, 219, 200, 216, 201, 99, 70, 126, 70, 1, 192, 10, 160, 225, 43, 96, 35, 246, 117, 138, 30, 174, 91, 18, 248, 1, 159, 218, 149]. 9.19ms
[2023-12-05T10:34:51.965Z INFO ] Epoch [62]: Beacon value: [133, 146, 99, 195, 238, 125, 190, 56, 1, 99, 96, 178, 73, 219, 2, 15, 61, 69, 124, 63, 74, 241, 115, 127, 123, 3, 5, 20, 157, 13, 120, 69]. 11.85ms
[2023-12-05T10:34:52.069Z INFO ] Epoch [63]: Beacon value: [83, 56, 72, 139, 103, 136, 143, 18, 202, 8, 136, 21, 137, 178, 213, 41, 207, 88, 168, 80, 186, 32, 253, 255, 94, 173, 191, 129, 69, 109, 121, 249]. 10.64ms
[2023-12-05T10:34:52.166Z INFO ] Epoch [64]: Beacon value: [8, 57, 197, 74, 227, 19, 14, 127, 102, 219, 250, 121, 63, 66, 0, 239, 211, 81, 110, 205, 203, 250, 255, 9, 135, 106, 111, 179, 235, 196, 214, 14]. 10.52ms
[2023-12-05T10:34:52.247Z INFO ] Epoch [65]: Beacon value: [254, 215, 99, 126, 87, 75, 86, 190, 80, 246, 141, 198, 38, 9, 159, 128, 190, 245, 100, 142, 25, 69, 6, 224, 228, 120, 174, 112, 186, 254, 46, 164]. 8.50ms
[2023-12-05T10:34:52.321Z INFO ] Epoch [66]: Beacon value: [14, 180, 178, 181, 62, 239, 154, 47, 167, 151, 28, 203, 226, 160, 40, 165, 89, 77, 86, 173, 159, 30, 68, 210, 245, 252, 15, 166, 102, 190, 167, 242]. 12.25ms
[2023-12-05T10:34:52.410Z INFO ] Epoch [67]: Beacon value: [118, 77, 240, 43, 140, 111, 54, 254, 203, 162, 126, 44, 57, 249, 190, 205, 190, 29, 144, 104, 207, 227, 189, 133, 61, 98, 248, 245, 177, 14, 195, 38]. 8.59ms
[2023-12-05T10:34:52.545Z INFO ] Epoch [68]: Beacon value: [186, 105, 242, 177, 229, 93, 200, 36, 167, 126, 80, 136, 97, 165, 62, 80, 16, 222, 87, 6, 150, 128, 67, 154, 100, 230, 163, 83, 205, 97, 15, 72]. 20.40ms
[2023-12-05T10:34:52.636Z INFO ] Epoch [69]: Beacon value: [224, 209, 126, 233, 100, 96, 0, 0, 52, 236, 36, 186, 201, 54, 207, 52, 125, 220, 70, 252, 203, 153, 31, 71, 2, 202, 111, 77, 122, 214, 85, 88]. 17.62ms
[2023-12-05T10:34:52.719Z INFO ] Epoch [70]: Beacon value: [27, 9, 4, 82, 11, 180, 125, 16, 149, 174, 75, 162, 115, 165, 159, 209, 59, 170, 183, 254, 13, 237, 28, 65, 158, 99, 200, 80, 144, 61, 39, 153]. 11.15ms
[2023-12-05T10:34:52.789Z INFO ] Epoch [71]: Beacon value: [176, 255, 125, 193, 79, 33, 104, 160, 21, 120, 131, 77, 93, 167, 183, 91, 46, 86, 141, 174, 180, 119, 250, 41, 235, 178, 70, 79, 93, 166, 147, 94]. 8.49ms
[2023-12-05T10:34:52.868Z INFO ] Epoch [72]: Beacon value: [36, 54, 217, 43, 168, 166, 39, 206, 186, 249, 161, 11, 15, 55, 101, 120, 142, 255, 190, 57, 75, 238, 63, 32, 45, 208, 19, 135, 179, 34, 123, 88]. 10.85ms
[2023-12-05T10:34:52.949Z INFO ] Epoch [73]: Beacon value: [216, 247, 249, 132, 229, 228, 118, 98, 120, 225, 240, 117, 92, 203, 185, 248, 163, 185, 248, 232, 63, 19, 192, 178, 126, 164, 247, 251, 140, 177, 154, 196]. 10.18ms
[2023-12-05T10:34:53.037Z INFO ] Epoch [74]: Beacon value: [4, 54, 142, 250, 63, 132, 216, 219, 13, 207, 229, 34, 116, 91, 171, 21, 139, 81, 168, 224, 36, 70, 73, 124, 100, 62, 23, 121, 161, 233, 214, 113]. 28.21ms
[2023-12-05T10:34:53.111Z INFO ] Epoch [75]: Beacon value: [101, 213, 113, 181, 220, 80, 102, 6, 2, 231, 1, 25, 81, 242, 75, 182, 11, 245, 95, 232, 27, 45, 53, 173, 37, 58, 45, 248, 174, 252, 23, 14]. 8.54ms
[2023-12-05T10:34:53.196Z INFO ] Epoch [76]: Beacon value: [178, 254, 230, 28, 128, 233, 27, 7, 124, 211, 37, 167, 96, 60, 226, 185, 2, 144, 192, 117, 137, 155, 40, 208, 199, 128, 101, 112, 93, 254, 71, 136]. 8.38ms
[2023-12-05T10:34:53.274Z INFO ] Epoch [77]: Beacon value: [32, 116, 39, 69, 58, 236, 133, 36, 20, 123, 14, 65, 245, 177, 44, 133, 235, 49, 245, 151, 228, 214, 160, 224, 86, 250, 53, 231, 40, 203, 100, 209]. 14.91ms
[2023-12-05T10:34:53.347Z INFO ] Epoch [78]: Beacon value: [135, 208, 19, 131, 43, 8, 111, 141, 239, 205, 138, 189, 39, 134, 217, 185, 2, 241, 89, 59, 93, 103, 240, 69, 184, 123, 120, 100, 198, 9, 204, 96]. 15.36ms
[2023-12-05T10:34:53.423Z INFO ] Epoch [79]: Beacon value: [229, 24, 169, 97, 234, 71, 251, 222, 216, 93, 10, 180, 125, 69, 242, 124, 68, 61, 193, 136, 196, 135, 240, 153, 90, 255, 249, 119, 238, 69, 246, 59]. 12.35ms
[2023-12-05T10:34:53.503Z INFO ] Epoch [80]: Beacon value: [152, 225, 177, 43, 112, 202, 128, 44, 197, 229, 70, 56, 69, 50, 188, 237, 97, 105, 150, 121, 56, 66, 227, 240, 221, 104, 136, 24, 28, 242, 77, 177]. 30.35ms
[2023-12-05T10:34:53.564Z INFO ] Epoch [81]: Beacon value: [229, 167, 74, 67, 161, 52, 145, 100, 87, 81, 158, 250, 113, 226, 162, 44, 149, 251, 125, 243, 126, 198, 144, 153, 245, 92, 81, 253, 34, 31, 211, 254]. 15.21ms
[2023-12-05T10:34:53.649Z INFO ] Epoch [82]: Beacon value: [169, 212, 123, 121, 32, 140, 172, 152, 89, 202, 7, 36, 252, 220, 230, 152, 164, 112, 185, 41, 197, 9, 175, 222, 178, 197, 183, 13, 38, 31, 138, 255]. 12.27ms
[2023-12-05T10:34:53.732Z INFO ] Epoch [83]: Beacon value: [248, 213, 235, 104, 154, 138, 41, 217, 219, 161, 29, 237, 44, 19, 39, 33, 21, 15, 1, 80, 27, 207, 77, 236, 238, 124, 218, 241, 63, 57, 238, 230]. 9.83ms
[2023-12-05T10:34:53.817Z INFO ] Epoch [84]: Beacon value: [18, 41, 91, 25, 127, 29, 206, 65, 149, 135, 148, 226, 171, 116, 181, 90, 181, 91, 135, 109, 186, 240, 76, 23, 1, 255, 195, 196, 94, 166, 123, 73]. 11.23ms
[2023-12-05T10:34:53.905Z INFO ] Epoch [85]: Beacon value: [186, 89, 29, 35, 81, 68, 159, 142, 218, 37, 131, 136, 221, 164, 161, 174, 121, 79, 245, 222, 206, 251, 54, 144, 241, 200, 118, 173, 159, 250, 20, 112]. 10.34ms
[2023-12-05T10:34:53.976Z INFO ] Epoch [86]: Beacon value: [74, 200, 93, 175, 61, 108, 4, 70, 43, 123, 126, 14, 26, 23, 206, 10, 216, 167, 70, 231, 55, 98, 21, 147, 2, 109, 2, 165, 113, 88, 145, 61]. 14.43ms
[2023-12-05T10:34:54.070Z INFO ] Epoch [87]: Beacon value: [98, 21, 71, 248, 61, 196, 95, 203, 127, 20, 208, 82, 172, 201, 79, 9, 244, 15, 38, 43, 184, 55, 40, 43, 99, 165, 209, 218, 73, 28, 213, 230]. 8.50ms
[2023-12-05T10:34:54.148Z INFO ] Epoch [88]: Beacon value: [96, 32, 160, 252, 68, 110, 62, 220, 221, 156, 220, 214, 143, 228, 176, 9, 102, 78, 141, 221, 77, 123, 159, 212, 145, 116, 162, 212, 164, 128, 55, 49]. 8.66ms
[2023-12-05T10:34:54.219Z INFO ] Epoch [89]: Beacon value: [73, 34, 103, 8, 81, 118, 227, 247, 68, 177, 8, 17, 3, 192, 236, 21, 32, 117, 14, 55, 178, 96, 197, 0, 169, 243, 33, 173, 80, 196, 23, 75]. 8.52ms
[2023-12-05T10:34:54.310Z INFO ] Epoch [90]: Beacon value: [152, 170, 101, 222, 123, 192, 238, 74, 246, 39, 54, 119, 153, 169, 51, 132, 122, 213, 64, 159, 113, 121, 0, 219, 113, 190, 70, 82, 178, 134, 198, 214]. 19.43ms
[2023-12-05T10:34:54.385Z INFO ] Epoch [91]: Beacon value: [94, 84, 107, 91, 177, 28, 116, 111, 161, 90, 42, 248, 144, 54, 148, 188, 104, 84, 1, 139, 41, 5, 196, 243, 59, 92, 244, 85, 215, 232, 45, 134]. 17.34ms
[2023-12-05T10:34:54.455Z INFO ] Epoch [92]: Beacon value: [107, 72, 147, 70, 82, 196, 216, 131, 51, 130, 237, 130, 94, 57, 176, 230, 47, 158, 86, 112, 102, 195, 52, 16, 88, 21, 25, 79, 198, 230, 106, 220]. 11.99ms
[2023-12-05T10:34:54.514Z INFO ] Epoch [93]: Beacon value: [112, 242, 1, 171, 218, 146, 217, 179, 91, 107, 210, 229, 209, 70, 147, 113, 97, 39, 161, 44, 32, 73, 123, 186, 20, 111, 39, 97, 125, 193, 252, 116]. 4.65ms
[2023-12-05T10:34:54.579Z INFO ] Epoch [94]: Beacon value: [69, 114, 216, 38, 245, 227, 78, 219, 45, 189, 37, 23, 68, 170, 188, 45, 62, 248, 80, 189, 62, 138, 38, 174, 255, 231, 157, 16, 33, 238, 26, 48]. 9.15ms
[2023-12-05T10:34:54.654Z INFO ] Epoch [95]: Beacon value: [18, 125, 255, 23, 76, 31, 145, 31, 129, 156, 150, 238, 6, 78, 191, 249, 86, 130, 191, 221, 101, 135, 179, 0, 103, 69, 251, 103, 250, 137, 20, 76]. 9.29ms
[2023-12-05T10:34:54.756Z INFO ] Epoch [96]: Beacon value: [160, 155, 102, 182, 51, 34, 230, 120, 244, 224, 9, 128, 195, 199, 200, 78, 61, 36, 245, 96, 148, 49, 188, 120, 11, 164, 72, 163, 238, 51, 87, 15]. 19.74ms
[2023-12-05T10:34:54.818Z INFO ] Epoch [97]: Beacon value: [70, 32, 22, 145, 153, 167, 164, 204, 12, 179, 111, 125, 50, 98, 60, 74, 74, 234, 56, 121, 168, 226, 29, 118, 55, 153, 192, 225, 255, 42, 12, 139]. 13.18ms
[2023-12-05T10:34:54.898Z INFO ] Epoch [98]: Beacon value: [255, 62, 125, 128, 67, 228, 158, 166, 83, 176, 13, 193, 171, 168, 113, 113, 162, 46, 44, 244, 243, 130, 147, 139, 67, 84, 134, 250, 111, 196, 120, 166]. 20.69ms
[2023-12-05T10:34:54.976Z INFO ] Epoch [99]: Beacon value: [168, 238, 232, 53, 211, 56, 92, 121, 157, 96, 0, 221, 242, 186, 242, 22, 107, 31, 34, 147, 21, 4, 218, 182, 255, 254, 73, 78, 157, 151, 213, 2]. 17.25ms
[2023-12-05T10:34:55.077Z INFO ] Epoch [100]: Beacon value: [24, 29, 52, 98, 216, 2, 241, 152, 3, 194, 234, 78, 233, 93, 250, 238, 128, 214, 4, 252, 203, 93, 149, 84, 105, 91, 142, 29, 29, 57, 247, 16]. 8.63ms
[2023-12-05T10:34:55.168Z INFO ] Epoch [101]: Beacon value: [235, 69, 98, 97, 31, 2, 110, 141, 101, 95, 165, 134, 224, 163, 137, 3, 130, 121, 214, 165, 205, 204, 146, 52, 27, 168, 173, 185, 150, 106, 218, 195]. 4.59ms
[2023-12-05T10:34:55.235Z INFO ] Epoch [102]: Beacon value: [93, 11, 84, 28, 205, 227, 50, 176, 253, 25, 245, 179, 250, 31, 237, 191, 204, 150, 86, 219, 120, 158, 90, 181, 166, 139, 148, 63, 253, 204, 107, 129]. 9.42ms
[2023-12-05T10:34:55.313Z INFO ] Epoch [103]: Beacon value: [111, 219, 48, 250, 47, 120, 251, 27, 231, 183, 229, 20, 214, 35, 226, 246, 133, 194, 40, 229, 66, 51, 162, 144, 120, 83, 168, 0, 125, 58, 104, 99]. 17.68ms
[2023-12-05T10:34:55.416Z INFO ] Epoch [104]: Beacon value: [136, 89, 72, 226, 40, 204, 239, 184, 201, 213, 7, 180, 150, 141, 3, 128, 193, 172, 223, 22, 187, 203, 114, 25, 246, 224, 42, 186, 38, 83, 119, 23]. 22.90ms
[2023-12-05T10:34:55.556Z INFO ] Epoch [105]: Beacon value: [231, 224, 15, 185, 146, 61, 99, 147, 226, 67, 153, 83, 7, 120, 14, 26, 246, 32, 36, 123, 247, 171, 73, 188, 175, 85, 149, 3, 109, 94, 161, 33]. 9.01ms
[2023-12-05T10:34:55.627Z INFO ] Epoch [106]: Beacon value: [29, 141, 82, 56, 189, 190, 248, 68, 216, 172, 16, 192, 24, 16, 197, 248, 5, 254, 169, 50, 233, 66, 142, 63, 254, 178, 71, 37, 42, 251, 215, 63]. 8.53ms
[2023-12-05T10:34:55.718Z INFO ] Epoch [107]: Beacon value: [97, 118, 222, 216, 234, 234, 13, 124, 218, 197, 65, 218, 102, 133, 154, 254, 51, 206, 122, 152, 208, 38, 109, 24, 220, 31, 9, 154, 175, 130, 223, 99]. 10.68ms
[2023-12-05T10:34:55.820Z INFO ] Epoch [108]: Beacon value: [64, 19, 45, 166, 235, 140, 34, 77, 244, 149, 101, 3, 189, 125, 99, 71, 86, 223, 202, 164, 206, 182, 184, 185, 191, 20, 60, 236, 78, 69, 229, 51]. 16.11ms
[2023-12-05T10:34:55.893Z INFO ] Epoch [109]: Beacon value: [7, 101, 145, 222, 250, 202, 88, 170, 22, 104, 224, 110, 61, 90, 83, 4, 131, 85, 83, 164, 199, 110, 116, 243, 227, 211, 63, 146, 240, 105, 203, 217]. 8.53ms
[2023-12-05T10:34:55.967Z INFO ] Epoch [110]: Beacon value: [30, 230, 134, 39, 251, 51, 94, 225, 122, 139, 6, 230, 35, 35, 162, 243, 222, 182, 57, 80, 32, 73, 2, 153, 128, 124, 56, 43, 236, 249, 34, 146]. 14.80ms
[2023-12-05T10:34:56.038Z INFO ] Epoch [111]: Beacon value: [227, 208, 114, 153, 141, 41, 29, 36, 0, 174, 125, 217, 138, 65, 67, 169, 72, 163, 115, 70, 37, 17, 24, 198, 65, 174, 51, 144, 233, 123, 60, 140]. 8.34ms
[2023-12-05T10:34:56.120Z INFO ] Epoch [112]: Beacon value: [10, 125, 208, 72, 172, 57, 41, 57, 235, 196, 167, 186, 101, 42, 37, 177, 13, 32, 110, 254, 56, 133, 60, 141, 156, 199, 150, 245, 70, 40, 35, 177]. 10.86ms
[2023-12-05T10:34:56.193Z INFO ] Epoch [113]: Beacon value: [85, 209, 203, 74, 95, 157, 193, 77, 196, 204, 100, 76, 29, 23, 207, 84, 180, 4, 117, 138, 78, 83, 8, 112, 49, 166, 127, 254, 192, 202, 168, 28]. 24.18ms
[2023-12-05T10:34:56.282Z INFO ] Epoch [114]: Beacon value: [199, 56, 201, 31, 15, 11, 76, 14, 78, 69, 174, 201, 67, 159, 105, 253, 46, 185, 8, 172, 172, 42, 154, 125, 107, 106, 206, 56, 186, 167, 210, 205]. 8.90ms
[2023-12-05T10:34:56.360Z INFO ] Epoch [115]: Beacon value: [31, 89, 89, 146, 213, 58, 45, 43, 134, 175, 129, 17, 31, 37, 69, 12, 133, 142, 108, 230, 208, 153, 240, 214, 94, 119, 230, 97, 221, 225, 0, 196]. 9.11ms
[2023-12-05T10:34:56.436Z INFO ] Epoch [116]: Beacon value: [44, 133, 224, 218, 235, 191, 193, 42, 41, 3, 217, 31, 73, 55, 113, 119, 25, 144, 136, 117, 59, 46, 65, 35, 255, 58, 119, 185, 75, 150, 234, 198]. 15.08ms
[2023-12-05T10:34:56.503Z INFO ] Epoch [117]: Beacon value: [41, 90, 179, 247, 232, 210, 56, 136, 36, 19, 237, 217, 141, 154, 91, 48, 11, 28, 61, 39, 129, 146, 134, 28, 18, 254, 60, 32, 83, 24, 176, 74]. 9.13ms
[2023-12-05T10:34:56.583Z INFO ] Epoch [118]: Beacon value: [245, 127, 207, 242, 143, 203, 54, 243, 68, 14, 239, 48, 65, 23, 187, 163, 44, 7, 158, 96, 66, 112, 120, 31, 146, 44, 38, 74, 126, 33, 147, 207]. 9.70ms
[2023-12-05T10:34:56.662Z INFO ] Epoch [119]: Beacon value: [70, 98, 59, 0, 231, 46, 183, 222, 165, 197, 148, 207, 33, 14, 226, 118, 118, 255, 192, 46, 238, 139, 52, 207, 145, 254, 156, 171, 155, 83, 195, 252]. 33.51ms
[2023-12-05T10:34:56.727Z INFO ] Epoch [120]: Beacon value: [71, 164, 131, 63, 180, 96, 215, 65, 76, 142, 217, 97, 98, 18, 1, 231, 196, 123, 22, 121, 38, 250, 50, 177, 76, 235, 254, 218, 253, 74, 239, 111]. 8.71ms
[2023-12-05T10:34:56.801Z INFO ] Epoch [121]: Beacon value: [126, 212, 108, 159, 19, 17, 238, 55, 212, 149, 248, 119, 108, 222, 70, 182, 163, 252, 100, 82, 83, 103, 55, 44, 86, 20, 36, 203, 144, 60, 6, 88]. 14.98ms
[2023-12-05T10:34:56.871Z INFO ] Epoch [122]: Beacon value: [170, 2, 128, 68, 144, 44, 200, 17, 185, 222, 177, 42, 234, 164, 127, 239, 35, 170, 127, 230, 4, 145, 229, 157, 63, 51, 234, 117, 10, 75, 145, 58]. 11.27ms
[2023-12-05T10:34:56.947Z INFO ] Epoch [123]: Beacon value: [201, 40, 26, 36, 168, 252, 16, 231, 226, 134, 111, 104, 149, 116, 85, 33, 141, 215, 167, 226, 65, 7, 104, 59, 226, 210, 235, 35, 220, 167, 109, 38]. 19.02ms
[2023-12-05T10:34:57.035Z INFO ] Epoch [124]: Beacon value: [205, 85, 111, 17, 171, 93, 94, 189, 63, 111, 107, 183, 97, 7, 88, 171, 150, 217, 149, 53, 250, 57, 92, 73, 32, 253, 66, 6, 35, 202, 166, 115]. 13.83ms
[2023-12-05T10:34:57.111Z INFO ] Epoch [125]: Beacon value: [55, 179, 188, 83, 183, 16, 162, 161, 77, 248, 116, 93, 199, 129, 95, 39, 22, 246, 0, 109, 123, 68, 137, 151, 61, 77, 199, 135, 239, 5, 79, 66]. 13.42ms
[2023-12-05T10:34:57.177Z INFO ] Epoch [126]: Beacon value: [200, 71, 242, 193, 2, 117, 79, 228, 228, 48, 232, 250, 78, 173, 118, 74, 226, 131, 236, 102, 251, 7, 24, 147, 118, 142, 33, 83, 46, 95, 146, 45]. 4.49ms
[2023-12-05T10:34:57.273Z INFO ] Epoch [127]: Beacon value: [123, 115, 230, 116, 44, 116, 28, 64, 187, 126, 175, 210, 224, 69, 59, 114, 199, 173, 232, 122, 77, 204, 20, 150, 88, 95, 125, 43, 2, 155, 132, 36]. 19.54ms
[2023-12-05T10:34:57.367Z INFO ] Epoch [128]: Beacon value: [132, 246, 22, 211, 147, 184, 125, 71, 30, 110, 179, 92, 137, 43, 107, 122, 63, 235, 142, 3, 104, 8, 249, 183, 161, 118, 15, 247, 13, 11, 6, 110]. 20.55ms
[2023-12-05T10:34:57.459Z INFO ] Epoch [129]: Beacon value: [206, 251, 157, 138, 76, 205, 42, 209, 46, 70, 236, 222, 9, 175, 3, 84, 215, 246, 104, 93, 68, 254, 248, 205, 105, 231, 0, 113, 141, 233, 91, 217]. 14.29ms
[2023-12-05T10:34:57.547Z INFO ] Epoch [130]: Beacon value: [19, 10, 220, 164, 192, 231, 61, 28, 119, 245, 120, 139, 116, 57, 49, 62, 43, 136, 241, 240, 226, 117, 131, 187, 195, 28, 164, 253, 165, 80, 188, 214]. 18.88ms
[2023-12-05T10:34:57.637Z INFO ] Epoch [131]: Beacon value: [141, 209, 155, 120, 250, 111, 6, 211, 244, 70, 102, 247, 33, 114, 66, 19, 135, 5, 85, 87, 150, 23, 212, 129, 233, 180, 1, 250, 157, 240, 130, 71]. 14.06ms
[2023-12-05T10:34:57.732Z INFO ] Epoch [132]: Beacon value: [238, 122, 79, 102, 45, 136, 51, 232, 144, 230, 246, 132, 127, 223, 128, 159, 171, 197, 194, 81, 157, 158, 89, 201, 157, 169, 223, 154, 90, 150, 79, 245]. 12.14ms
[2023-12-05T10:34:57.807Z INFO ] Epoch [133]: Beacon value: [62, 159, 29, 235, 200, 236, 22, 33, 88, 244, 251, 22, 16, 215, 233, 231, 26, 149, 235, 178, 3, 232, 7, 125, 124, 146, 249, 147, 21, 170, 25, 174]. 6.55ms
[2023-12-05T10:34:57.956Z INFO ] Epoch [134]: Beacon value: [13, 242, 38, 237, 152, 198, 225, 87, 121, 138, 71, 174, 42, 26, 49, 223, 11, 146, 36, 22, 10, 225, 28, 255, 207, 224, 170, 95, 204, 35, 245, 129]. 4.74ms
[2023-12-05T10:34:58.031Z INFO ] Epoch [135]: Beacon value: [215, 250, 213, 61, 112, 83, 198, 68, 91, 237, 202, 182, 144, 50, 132, 223, 75, 113, 58, 98, 58, 200, 171, 46, 196, 26, 214, 53, 163, 216, 1, 210]. 13.07ms
[2023-12-05T10:34:58.115Z INFO ] Epoch [136]: Beacon value: [133, 175, 15, 61, 189, 112, 7, 255, 113, 157, 19, 169, 132, 96, 199, 221, 244, 205, 120, 69, 142, 123, 15, 38, 8, 95, 166, 238, 134, 37, 42, 174]. 21.52ms
[2023-12-05T10:34:58.193Z INFO ] Epoch [137]: Beacon value: [49, 58, 119, 128, 211, 248, 76, 203, 164, 34, 250, 73, 197, 173, 75, 199, 159, 8, 214, 170, 221, 106, 163, 244, 254, 74, 32, 47, 126, 187, 242, 139]. 15.72ms
[2023-12-05T10:34:58.285Z INFO ] Epoch [138]: Beacon value: [181, 128, 238, 180, 173, 23, 121, 115, 97, 20, 146, 117, 24, 129, 234, 92, 119, 89, 61, 43, 110, 119, 193, 166, 216, 103, 119, 80, 3, 188, 3, 52]. 15.78ms
[2023-12-05T10:34:58.364Z INFO ] Epoch [139]: Beacon value: [91, 200, 194, 40, 166, 73, 13, 177, 155, 190, 55, 5, 88, 210, 196, 154, 23, 174, 174, 73, 128, 20, 75, 193, 101, 169, 6, 21, 127, 95, 123, 219]. 8.41ms
[2023-12-05T10:34:58.446Z INFO ] Epoch [140]: Beacon value: [151, 22, 109, 234, 71, 28, 220, 105, 55, 137, 225, 175, 50, 194, 49, 180, 217, 124, 30, 45, 14, 105, 176, 251, 216, 226, 85, 231, 139, 249, 253, 177]. 4.78ms
[2023-12-05T10:34:58.509Z INFO ] Epoch [141]: Beacon value: [17, 115, 96, 4, 154, 120, 19, 30, 79, 32, 64, 129, 25, 87, 205, 232, 38, 203, 146, 140, 79, 19, 202, 88, 127, 173, 222, 45, 35, 193, 1, 167]. 4.64ms
[2023-12-05T10:34:58.594Z INFO ] Epoch [142]: Beacon value: [238, 78, 43, 24, 46, 196, 133, 213, 96, 152, 43, 10, 110, 126, 56, 136, 242, 36, 221, 235, 61, 49, 44, 19, 84, 253, 30, 74, 210, 128, 112, 185]. 15.24ms
[2023-12-05T10:34:58.678Z INFO ] Epoch [143]: Beacon value: [8, 219, 31, 123, 101, 120, 116, 128, 204, 212, 207, 183, 88, 98, 41, 163, 63, 140, 46, 130, 27, 188, 43, 60, 31, 129, 230, 116, 148, 199, 219, 18]. 8.57ms
[2023-12-05T10:34:58.760Z INFO ] Epoch [144]: Beacon value: [236, 173, 111, 44, 206, 145, 100, 97, 241, 235, 80, 124, 131, 93, 29, 94, 230, 107, 187, 91, 90, 37, 178, 250, 241, 50, 203, 147, 9, 172, 250, 124]. 8.50ms
[2023-12-05T10:34:58.829Z INFO ] Epoch [145]: Beacon value: [75, 163, 143, 88, 53, 98, 153, 221, 96, 7, 113, 204, 160, 76, 166, 26, 88, 209, 225, 142, 95, 37, 123, 182, 211, 113, 137, 64, 232, 89, 50, 68]. 10.93ms
[2023-12-05T10:34:58.894Z INFO ] Epoch [146]: Beacon value: [115, 227, 213, 156, 21, 179, 169, 117, 159, 220, 226, 121, 155, 196, 40, 129, 229, 63, 50, 214, 101, 3, 96, 101, 196, 187, 42, 200, 51, 158, 65, 98]. 4.73ms
[2023-12-05T10:34:58.964Z INFO ] Epoch [147]: Beacon value: [196, 233, 92, 125, 78, 161, 167, 91, 13, 77, 107, 237, 243, 214, 96, 22, 65, 19, 140, 252, 249, 190, 223, 8, 147, 149, 252, 167, 68, 144, 155, 199]. 8.57ms
[2023-12-05T10:34:59.039Z INFO ] Epoch [148]: Beacon value: [151, 102, 52, 153, 205, 78, 230, 169, 160, 223, 63, 42, 237, 59, 75, 167, 121, 34, 65, 14, 46, 80, 122, 22, 143, 137, 228, 64, 132, 252, 96, 94]. 8.53ms
[2023-12-05T10:34:59.108Z INFO ] Epoch [149]: Beacon value: [91, 119, 123, 231, 180, 101, 56, 50, 33, 1, 59, 164, 202, 71, 142, 71, 134, 49, 146, 52, 190, 223, 80, 62, 24, 74, 223, 94, 143, 199, 209, 215]. 8.50ms
[2023-12-05T10:34:59.173Z INFO ] Epoch [150]: Beacon value: [255, 153, 91, 35, 215, 205, 0, 13, 184, 228, 9, 144, 178, 190, 215, 7, 31, 196, 176, 1, 100, 185, 150, 173, 98, 118, 82, 201, 7, 13, 119, 52]. 8.67ms
[2023-12-05T10:34:59.249Z INFO ] Epoch [151]: Beacon value: [64, 17, 54, 229, 104, 105, 189, 14, 195, 22, 116, 21, 56, 154, 213, 58, 21, 142, 180, 189, 72, 177, 119, 239, 197, 38, 143, 79, 152, 240, 153, 217]. 8.68ms
[2023-12-05T10:34:59.349Z INFO ] Epoch [152]: Beacon value: [120, 18, 135, 86, 98, 75, 138, 166, 144, 89, 170, 179, 73, 218, 8, 58, 105, 204, 149, 2, 64, 239, 40, 183, 238, 153, 92, 76, 80, 252, 184, 154]. 7.21ms
[2023-12-05T10:34:59.432Z INFO ] Epoch [153]: Beacon value: [229, 167, 210, 240, 30, 189, 151, 58, 226, 193, 43, 235, 35, 170, 105, 254, 170, 127, 29, 225, 4, 49, 104, 104, 12, 73, 57, 202, 207, 113, 38, 151]. 9.91ms
[2023-12-05T10:34:59.504Z INFO ] Epoch [154]: Beacon value: [10, 8, 150, 198, 240, 208, 42, 48, 22, 48, 1, 234, 83, 138, 205, 214, 107, 84, 20, 51, 217, 233, 32, 244, 239, 71, 41, 0, 160, 123, 86, 243]. 8.49ms
[2023-12-05T10:34:59.576Z INFO ] Epoch [155]: Beacon value: [206, 70, 179, 219, 136, 52, 62, 185, 230, 195, 49, 153, 167, 19, 86, 100, 27, 9, 117, 121, 111, 66, 141, 110, 42, 60, 248, 61, 192, 228, 204, 74]. 9.54ms
[2023-12-05T10:34:59.648Z INFO ] Epoch [156]: Beacon value: [69, 188, 140, 32, 112, 224, 141, 62, 59, 122, 177, 46, 66, 88, 18, 46, 37, 207, 94, 117, 215, 109, 247, 0, 99, 160, 61, 69, 202, 151, 43, 216]. 8.60ms
[2023-12-05T10:34:59.725Z INFO ] Epoch [157]: Beacon value: [237, 67, 181, 56, 223, 75, 233, 242, 88, 192, 202, 67, 234, 89, 113, 31, 91, 234, 58, 77, 23, 82, 236, 71, 240, 20, 146, 22, 73, 155, 94, 132]. 13.02ms
[2023-12-05T10:34:59.800Z INFO ] Epoch [158]: Beacon value: [70, 181, 234, 174, 32, 240, 193, 54, 98, 111, 121, 161, 157, 242, 66, 104, 217, 95, 150, 4, 165, 29, 184, 106, 150, 93, 23, 246, 86, 31, 229, 233]. 4.89ms
[2023-12-05T10:34:59.890Z INFO ] Epoch [159]: Beacon value: [13, 174, 171, 194, 186, 136, 134, 238, 33, 77, 233, 19, 148, 151, 133, 216, 188, 226, 189, 60, 209, 18, 203, 116, 100, 150, 155, 101, 115, 242, 234, 218]. 13.11ms
[2023-12-05T10:34:59.961Z INFO ] Epoch [160]: Beacon value: [117, 228, 161, 242, 47, 99, 111, 3, 220, 66, 141, 58, 181, 162, 61, 75, 218, 19, 89, 3, 227, 87, 174, 127, 46, 70, 28, 198, 169, 213, 208, 129]. 7.28ms
[2023-12-05T10:35:00.028Z INFO ] Epoch [161]: Beacon value: [126, 74, 192, 99, 61, 91, 60, 56, 24, 104, 114, 91, 203, 122, 234, 92, 180, 18, 128, 187, 58, 68, 218, 192, 177, 218, 42, 71, 98, 27, 2, 184]. 4.65ms
[2023-12-05T10:35:00.084Z INFO ] Epoch [162]: Beacon value: [20, 145, 155, 149, 223, 199, 58, 71, 237, 16, 110, 226, 31, 146, 1, 237, 36, 98, 4, 104, 169, 133, 124, 78, 224, 196, 18, 114, 184, 250, 186, 176]. 4.64ms
[2023-12-05T10:35:00.162Z INFO ] Epoch [163]: Beacon value: [124, 82, 138, 41, 150, 12, 21, 87, 67, 94, 152, 148, 144, 166, 93, 205, 187, 116, 168, 50, 19, 74, 74, 9, 9, 250, 73, 219, 81, 108, 70, 137]. 9.88ms
[2023-12-05T10:35:00.252Z INFO ] Epoch [164]: Beacon value: [34, 217, 133, 87, 23, 165, 198, 33, 72, 176, 240, 215, 170, 206, 143, 30, 46, 230, 12, 56, 26, 196, 193, 26, 252, 46, 160, 133, 66, 119, 4, 35]. 4.91ms
[2023-12-05T10:35:00.315Z INFO ] Epoch [165]: Beacon value: [185, 53, 62, 35, 1, 2, 103, 174, 101, 165, 246, 236, 199, 184, 208, 155, 191, 238, 47, 99, 211, 23, 148, 176, 176, 253, 11, 189, 39, 63, 148, 108]. 4.59ms
[2023-12-05T10:35:00.368Z INFO ] Epoch [166]: Beacon value: [74, 102, 182, 74, 179, 109, 57, 1, 242, 81, 9, 159, 74, 103, 84, 147, 24, 164, 175, 252, 198, 124, 148, 165, 211, 129, 17, 22, 178, 72, 126, 20]. 5.29ms
[2023-12-05T10:35:00.436Z INFO ] Epoch [167]: Beacon value: [152, 132, 187, 247, 214, 44, 181, 136, 181, 124, 83, 4, 55, 37, 180, 196, 154, 234, 138, 3, 170, 241, 219, 151, 239, 167, 176, 248, 166, 11, 18, 155]. 4.73ms
[2023-12-05T10:35:00.506Z INFO ] Epoch [168]: Beacon value: [115, 123, 241, 160, 197, 167, 169, 214, 223, 190, 53, 220, 136, 63, 95, 232, 251, 159, 37, 19, 193, 195, 127, 160, 209, 203, 185, 246, 104, 155, 51, 166]. 5.15ms
[2023-12-05T10:35:00.572Z INFO ] Epoch [169]: Beacon value: [100, 253, 8, 2, 119, 251, 39, 169, 94, 190, 250, 244, 99, 222, 127, 15, 207, 225, 75, 220, 204, 142, 168, 246, 0, 183, 6, 66, 58, 40, 218, 152]. 4.64ms
[2023-12-05T10:35:00.647Z INFO ] Epoch [170]: Beacon value: [254, 110, 124, 150, 194, 215, 245, 198, 104, 174, 185, 61, 8, 46, 182, 193, 207, 107, 26, 146, 53, 238, 247, 87, 55, 120, 72, 120, 85, 179, 24, 36]. 4.64ms
[2023-12-05T10:35:00.714Z INFO ] Epoch [171]: Beacon value: [134, 91, 94, 126, 190, 24, 147, 19, 65, 155, 235, 71, 30, 62, 87, 229, 86, 58, 52, 52, 188, 73, 26, 233, 146, 156, 243, 39, 123, 106, 114, 140]. 4.45ms
[2023-12-05T10:35:00.784Z INFO ] Epoch [172]: Beacon value: [33, 121, 118, 206, 93, 243, 57, 62, 55, 48, 87, 69, 115, 186, 228, 130, 137, 162, 45, 152, 244, 56, 1, 171, 212, 123, 163, 125, 229, 220, 143, 168]. 4.82ms
[2023-12-05T10:35:00.855Z INFO ] Epoch [173]: Beacon value: [45, 63, 11, 133, 190, 240, 193, 55, 227, 34, 225, 132, 37, 250, 242, 174, 129, 120, 68, 159, 197, 85, 238, 7, 50, 108, 21, 100, 141, 96, 153, 202]. 8.58ms
[2023-12-05T10:35:00.920Z INFO ] Epoch [174]: Beacon value: [30, 17, 209, 45, 68, 153, 126, 59, 49, 109, 53, 112, 182, 75, 99, 105, 12, 38, 8, 10, 125, 148, 114, 87, 9, 211, 143, 136, 154, 43, 161, 23]. 4.73ms
[2023-12-05T10:35:01.004Z INFO ] Epoch [175]: Beacon value: [165, 127, 53, 183, 215, 48, 217, 50, 55, 203, 211, 173, 188, 134, 21, 128, 63, 197, 88, 195, 189, 215, 146, 178, 137, 71, 107, 25, 19, 220, 125, 238]. 12.14ms
[2023-12-05T10:35:01.063Z INFO ] Epoch [176]: Beacon value: [95, 66, 1, 70, 214, 207, 248, 254, 216, 47, 186, 187, 196, 136, 68, 211, 189, 135, 74, 55, 103, 151, 180, 239, 197, 209, 15, 65, 71, 132, 72, 32]. 4.61ms
[2023-12-05T10:35:01.142Z INFO ] Epoch [177]: Beacon value: [227, 220, 202, 97, 37, 176, 143, 123, 63, 120, 159, 125, 249, 136, 82, 143, 64, 112, 195, 137, 89, 56, 143, 156, 238, 234, 252, 84, 46, 124, 46, 24]. 16.90ms
[2023-12-05T10:35:01.215Z INFO ] Epoch [178]: Beacon value: [174, 243, 152, 10, 17, 78, 37, 235, 235, 15, 181, 144, 168, 106, 247, 23, 228, 95, 216, 155, 57, 4, 33, 56, 86, 162, 33, 29, 76, 31, 248, 233]. 4.74ms
[2023-12-05T10:35:01.281Z INFO ] Epoch [179]: Beacon value: [54, 82, 84, 199, 37, 82, 125, 133, 117, 43, 219, 74, 77, 33, 211, 219, 221, 1, 211, 48, 247, 139, 140, 4, 69, 7, 189, 37, 9, 204, 177, 1]. 4.74ms
[2023-12-05T10:35:01.352Z INFO ] Epoch [180]: Beacon value: [70, 79, 0, 27, 173, 46, 254, 22, 210, 247, 18, 24, 113, 91, 66, 33, 96, 179, 78, 7, 93, 20, 227, 73, 0, 116, 231, 47, 113, 75, 163, 224]. 11.81ms
[2023-12-05T10:35:01.415Z INFO ] Epoch [181]: Beacon value: [14, 157, 205, 209, 125, 178, 176, 127, 30, 37, 104, 106, 116, 88, 43, 224, 252, 74, 70, 14, 180, 71, 13, 217, 181, 79, 197, 79, 57, 62, 151, 194]. 4.63ms
[2023-12-05T10:35:01.473Z INFO ] Epoch [182]: Beacon value: [100, 224, 79, 133, 131, 8, 228, 150, 148, 238, 167, 8, 44, 193, 23, 203, 234, 102, 44, 210, 147, 206, 244, 221, 6, 8, 207, 151, 233, 254, 125, 50]. 8.68ms
[2023-12-05T10:35:01.543Z INFO ] Epoch [183]: Beacon value: [97, 31, 19, 157, 18, 143, 188, 42, 235, 237, 24, 34, 241, 195, 122, 70, 92, 193, 31, 81, 182, 101, 233, 159, 64, 111, 117, 181, 162, 89, 34, 9]. 4.69ms
[2023-12-05T10:35:01.607Z INFO ] Epoch [184]: Beacon value: [251, 70, 73, 228, 69, 118, 253, 241, 170, 219, 114, 19, 163, 92, 140, 127, 200, 15, 123, 214, 145, 76, 53, 151, 242, 124, 226, 217, 103, 54, 2, 40]. 4.62ms
[2023-12-05T10:35:01.698Z INFO ] Epoch [185]: Beacon value: [20, 52, 47, 28, 166, 219, 118, 98, 240, 225, 122, 4, 216, 80, 220, 77, 211, 6, 87, 17, 24, 167, 162, 36, 56, 71, 234, 185, 136, 100, 207, 173]. 4.98ms
[2023-12-05T10:35:01.783Z INFO ] Epoch [186]: Beacon value: [17, 65, 5, 115, 50, 112, 218, 159, 177, 217, 2, 80, 100, 61, 205, 77, 79, 101, 111, 173, 34, 8, 233, 138, 149, 149, 18, 243, 190, 59, 149, 246]. 15.00ms
[2023-12-05T10:35:01.949Z INFO ] Epoch [187]: Beacon value: [225, 226, 209, 33, 238, 139, 107, 192, 193, 68, 64, 174, 226, 93, 198, 105, 94, 108, 135, 98, 93, 63, 9, 237, 56, 78, 16, 247, 241, 140, 115, 200]. 12.12ms
[2023-12-05T10:35:02.047Z INFO ] Epoch [188]: Beacon value: [210, 194, 222, 205, 73, 121, 203, 158, 81, 140, 47, 120, 2, 115, 84, 147, 124, 50, 212, 12, 97, 185, 106, 98, 117, 204, 35, 249, 132, 18, 176, 25]. 19.39ms
[2023-12-05T10:35:02.124Z INFO ] Epoch [189]: Beacon value: [142, 190, 233, 16, 175, 255, 245, 78, 244, 63, 146, 129, 98, 3, 55, 23, 240, 187, 40, 32, 17, 187, 113, 73, 19, 55, 233, 165, 31, 21, 243, 46]. 8.84ms
[2023-12-05T10:35:02.198Z INFO ] Epoch [190]: Beacon value: [75, 242, 226, 195, 211, 150, 83, 99, 148, 109, 222, 93, 16, 178, 9, 245, 107, 54, 203, 76, 1, 54, 135, 57, 133, 125, 221, 17, 97, 178, 153, 193]. 4.74ms
[2023-12-05T10:35:02.265Z INFO ] Epoch [191]: Beacon value: [154, 171, 102, 17, 139, 141, 71, 209, 25, 219, 211, 141, 162, 219, 235, 140, 47, 121, 157, 152, 193, 82, 41, 171, 10, 43, 109, 145, 110, 235, 58, 68]. 4.54ms
[2023-12-05T10:35:02.338Z INFO ] Epoch [192]: Beacon value: [209, 183, 185, 168, 5, 116, 35, 143, 52, 107, 210, 86, 230, 145, 7, 227, 167, 109, 22, 225, 21, 57, 131, 43, 191, 109, 22, 88, 254, 192, 85, 56]. 4.61ms
[2023-12-05T10:35:02.429Z INFO ] Epoch [193]: Beacon value: [150, 166, 203, 113, 20, 136, 101, 153, 8, 54, 135, 180, 126, 42, 68, 85, 55, 56, 163, 221, 58, 65, 82, 113, 142, 170, 136, 93, 176, 80, 85, 131]. 4.54ms
[2023-12-05T10:35:02.501Z INFO ] Epoch [194]: Beacon value: [91, 180, 75, 208, 31, 80, 96, 95, 247, 37, 56, 46, 139, 22, 86, 234, 57, 77, 125, 227, 243, 169, 243, 36, 30, 16, 107, 112, 72, 241, 226, 0]. 9.11ms
[2023-12-05T10:35:02.572Z INFO ] Epoch [195]: Beacon value: [12, 64, 41, 192, 237, 143, 226, 73, 107, 218, 206, 191, 102, 29, 61, 61, 195, 96, 45, 196, 198, 152, 172, 200, 164, 216, 190, 170, 173, 102, 249, 183]. 4.86ms
[2023-12-05T10:35:02.656Z INFO ] Epoch [196]: Beacon value: [12, 58, 170, 189, 237, 60, 96, 173, 22, 209, 139, 66, 163, 191, 245, 87, 240, 255, 119, 182, 106, 120, 102, 32, 113, 168, 8, 13, 192, 156, 248, 122]. 8.65ms
[2023-12-05T10:35:02.730Z INFO ] Epoch [197]: Beacon value: [73, 229, 47, 253, 25, 179, 250, 65, 112, 241, 89, 43, 236, 178, 241, 64, 203, 176, 2, 33, 172, 240, 67, 33, 141, 127, 240, 177, 251, 178, 188, 205]. 4.63ms
[2023-12-05T10:35:02.818Z INFO ] Epoch [198]: Beacon value: [16, 194, 25, 139, 223, 40, 98, 72, 193, 235, 167, 177, 71, 233, 133, 104, 116, 149, 223, 214, 113, 166, 159, 194, 141, 215, 245, 191, 240, 74, 49, 246]. 14.11ms
[2023-12-05T10:35:02.893Z INFO ] Epoch [199]: Beacon value: [81, 131, 97, 129, 204, 17, 36, 81, 173, 12, 164, 144, 47, 113, 91, 78, 117, 145, 250, 120, 172, 194, 82, 197, 208, 225, 81, 253, 204, 35, 23, 63]. 8.73ms
[2023-12-05T10:35:02.959Z INFO ] Epoch [200]: Beacon value: [224, 245, 121, 100, 184, 46, 202, 113, 95, 67, 95, 178, 74, 178, 207, 95, 218, 102, 26, 124, 20, 174, 46, 205, 89, 89, 9, 201, 233, 37, 100, 128]. 13.01ms
[2023-12-05T10:35:03.037Z INFO ] Epoch [201]: Beacon value: [237, 253, 228, 101, 15, 189, 221, 137, 22, 160, 240, 149, 141, 199, 151, 177, 26, 156, 127, 51, 44, 99, 79, 156, 83, 95, 24, 45, 20, 201, 238, 247]. 18.54ms
[2023-12-05T10:35:03.115Z INFO ] Epoch [202]: Beacon value: [151, 154, 7, 246, 237, 201, 110, 136, 225, 170, 137, 148, 57, 160, 178, 127, 136, 206, 10, 246, 129, 55, 233, 209, 78, 120, 10, 80, 127, 207, 70, 7]. 21.32ms
[2023-12-05T10:35:03.188Z INFO ] Epoch [203]: Beacon value: [62, 1, 5, 232, 231, 173, 99, 38, 112, 59, 167, 15, 54, 196, 81, 91, 36, 222, 225, 107, 179, 91, 246, 56, 182, 27, 201, 94, 224, 52, 37, 90]. 9.62ms
[2023-12-05T10:35:03.245Z INFO ] Epoch [204]: Beacon value: [210, 224, 129, 0, 2, 28, 33, 153, 192, 93, 47, 220, 50, 132, 234, 30, 60, 104, 50, 255, 88, 164, 186, 81, 253, 169, 248, 135, 105, 145, 93, 255]. 4.62ms
[2023-12-05T10:35:03.311Z INFO ] Epoch [205]: Beacon value: [71, 83, 172, 18, 134, 34, 94, 114, 84, 138, 71, 41, 85, 30, 119, 61, 69, 61, 14, 237, 44, 1, 54, 122, 113, 83, 14, 64, 87, 25, 24, 199]. 15.10ms
[2023-12-05T10:35:03.382Z INFO ] Epoch [206]: Beacon value: [54, 136, 245, 75, 99, 171, 206, 155, 244, 127, 245, 142, 242, 131, 2, 135, 59, 122, 196, 79, 128, 59, 187, 247, 149, 13, 58, 243, 119, 50, 52, 46]. 19.13ms
[2023-12-05T10:35:03.463Z INFO ] Epoch [207]: Beacon value: [63, 160, 4, 226, 195, 39, 195, 42, 220, 93, 234, 190, 188, 60, 61, 98, 111, 47, 50, 71, 1, 108, 13, 42, 192, 243, 122, 218, 148, 180, 171, 230]. 6.51ms
[2023-12-05T10:35:03.541Z INFO ] Epoch [208]: Beacon value: [110, 101, 55, 31, 180, 197, 25, 7, 35, 1, 241, 109, 81, 59, 172, 83, 150, 222, 60, 121, 180, 65, 175, 23, 211, 82, 157, 172, 70, 107, 165, 58]. 8.48ms
[2023-12-05T10:35:03.638Z INFO ] Epoch [209]: Beacon value: [51, 47, 189, 168, 187, 25, 150, 61, 127, 86, 145, 184, 74, 131, 143, 34, 184, 12, 120, 168, 243, 227, 233, 82, 92, 153, 215, 248, 22, 190, 244, 140]. 15.47ms
[2023-12-05T10:35:03.709Z INFO ] Epoch [210]: Beacon value: [90, 34, 172, 65, 8, 49, 118, 252, 64, 39, 216, 83, 132, 65, 15, 70, 154, 19, 189, 16, 39, 173, 45, 37, 192, 172, 93, 172, 173, 215, 45, 0]. 8.82ms
[2023-12-05T10:35:03.781Z INFO ] Epoch [211]: Beacon value: [139, 123, 109, 197, 157, 9, 160, 37, 182, 186, 237, 128, 202, 68, 250, 167, 151, 148, 144, 91, 173, 207, 115, 219, 81, 56, 11, 22, 79, 109, 52, 103]. 8.60ms
[2023-12-05T10:35:03.858Z INFO ] Epoch [212]: Beacon value: [179, 252, 106, 251, 164, 14, 61, 251, 97, 243, 11, 71, 61, 52, 89, 3, 39, 142, 214, 215, 238, 141, 26, 208, 77, 131, 194, 64, 218, 53, 46, 203]. 13.17ms
[2023-12-05T10:35:03.937Z INFO ] Epoch [213]: Beacon value: [148, 74, 242, 131, 33, 204, 85, 48, 111, 106, 162, 19, 239, 135, 205, 111, 209, 176, 124, 109, 228, 200, 103, 137, 156, 225, 229, 51, 129, 102, 138, 13]. 8.53ms
[2023-12-05T10:35:04.003Z INFO ] Epoch [214]: Beacon value: [35, 208, 56, 119, 229, 171, 71, 51, 184, 94, 20, 180, 198, 201, 127, 163, 175, 12, 19, 192, 227, 75, 227, 34, 139, 132, 76, 231, 94, 1, 116, 72]. 8.51ms
[2023-12-05T10:35:04.090Z INFO ] Epoch [215]: Beacon value: [177, 20, 23, 34, 37, 245, 165, 110, 24, 165, 104, 131, 148, 114, 110, 45, 238, 119, 25, 42, 117, 127, 218, 44, 154, 110, 40, 1, 156, 188, 193, 55]. 14.78ms
[2023-12-05T10:35:04.153Z INFO ] Epoch [216]: Beacon value: [179, 63, 110, 129, 142, 244, 235, 57, 116, 134, 1, 54, 92, 25, 208, 147, 97, 175, 4, 242, 42, 101, 135, 128, 184, 92, 6, 36, 124, 31, 213, 240]. 4.62ms
[2023-12-05T10:35:04.224Z INFO ] Epoch [217]: Beacon value: [208, 95, 224, 72, 24, 159, 69, 145, 33, 122, 234, 3, 218, 34, 143, 69, 30, 159, 141, 175, 67, 247, 74, 190, 64, 200, 6, 181, 197, 84, 47, 29]. 4.61ms
[2023-12-05T10:35:04.289Z INFO ] Epoch [218]: Beacon value: [61, 140, 191, 159, 104, 175, 183, 117, 90, 99, 136, 251, 45, 71, 176, 201, 60, 63, 107, 255, 231, 184, 157, 134, 228, 18, 152, 183, 49, 60, 247, 57]. 5.20ms
[2023-12-05T10:35:04.375Z INFO ] Epoch [219]: Beacon value: [203, 253, 158, 245, 22, 38, 34, 50, 228, 6, 121, 123, 14, 195, 139, 96, 219, 237, 148, 72, 229, 48, 227, 37, 37, 32, 68, 170, 79, 42, 180, 171]. 7.71ms
[2023-12-05T10:35:04.443Z INFO ] Epoch [220]: Beacon value: [126, 145, 248, 156, 67, 236, 65, 15, 229, 19, 46, 101, 152, 148, 105, 186, 59, 90, 196, 212, 180, 113, 142, 153, 85, 216, 23, 171, 8, 47, 63, 214]. 8.29ms
[2023-12-05T10:35:04.519Z INFO ] Epoch [221]: Beacon value: [65, 113, 187, 170, 86, 159, 24, 58, 67, 123, 101, 47, 29, 124, 124, 240, 168, 78, 39, 190, 206, 46, 221, 64, 129, 98, 141, 255, 178, 134, 136, 237]. 4.66ms
[2023-12-05T10:35:04.598Z INFO ] Epoch [222]: Beacon value: [117, 18, 76, 83, 209, 40, 83, 148, 89, 105, 149, 30, 133, 63, 29, 106, 105, 112, 157, 130, 62, 14, 42, 164, 92, 3, 56, 24, 45, 233, 243, 180]. 10.93ms
[2023-12-05T10:35:04.663Z INFO ] Epoch [223]: Beacon value: [128, 52, 129, 164, 189, 145, 196, 208, 132, 219, 246, 251, 39, 31, 182, 64, 130, 65, 224, 177, 46, 133, 252, 98, 1, 159, 148, 123, 175, 32, 241, 0]. 4.64ms
[2023-12-05T10:35:04.745Z INFO ] Epoch [224]: Beacon value: [47, 176, 106, 231, 149, 24, 244, 25, 119, 79, 199, 145, 168, 43, 80, 210, 236, 239, 86, 51, 204, 227, 72, 165, 59, 149, 133, 33, 244, 135, 20, 189]. 11.35ms
[2023-12-05T10:35:04.802Z INFO ] Epoch [225]: Beacon value: [24, 168, 253, 36, 143, 140, 123, 71, 92, 16, 155, 147, 188, 180, 0, 19, 42, 187, 114, 145, 46, 125, 69, 253, 4, 117, 205, 50, 241, 66, 9, 155]. 4.67ms
[2023-12-05T10:35:04.861Z INFO ] Epoch [226]: Beacon value: [203, 140, 113, 107, 122, 139, 47, 250, 169, 21, 9, 132, 8, 54, 29, 241, 56, 98, 165, 124, 108, 250, 185, 215, 171, 250, 153, 215, 241, 151, 195, 15]. 4.63ms
[2023-12-05T10:35:04.961Z INFO ] Epoch [227]: Beacon value: [67, 123, 70, 89, 174, 225, 188, 209, 138, 177, 47, 188, 14, 224, 81, 125, 182, 43, 64, 158, 146, 127, 77, 96, 107, 98, 44, 246, 95, 98, 14, 38]. 23.75ms
[2023-12-05T10:35:05.017Z INFO ] Epoch [228]: Beacon value: [200, 178, 118, 4, 160, 113, 46, 239, 143, 119, 253, 24, 11, 93, 232, 26, 202, 149, 106, 48, 161, 132, 37, 179, 88, 6, 60, 234, 95, 197, 99, 36]. 4.66ms
[2023-12-05T10:35:05.097Z INFO ] Epoch [229]: Beacon value: [227, 163, 237, 33, 68, 162, 40, 1, 216, 143, 115, 118, 175, 216, 39, 63, 194, 204, 66, 165, 12, 181, 211, 220, 146, 135, 113, 76, 72, 3, 14, 60]. 10.82ms
